#
# A fatal error has been detected by the Java Runtime Environment:
#
#  SIGSEGV (0xb) at pc=0x011c2762, pid=10193, tid=3073747824
#
# JRE version: 6.0-b16
# Java VM: OpenJDK Client VM (14.0-b16 mixed mode, sharing linux-x86 )
# Distribution: Ubuntu 9.10, package 6b16-1.6.1-3ubuntu3
# Problematic frame:
# V  [libjvm.so+0x2fc762]
#
# If you would like to submit a bug report, please include
# instructions how to reproduce the bug and visit:
#   https://bugs.launchpad.net/ubuntu/+source/openjdk-6/
#

---------------  T H R E A D  ---------------

Current thread (0x09c9b400):  JavaThread "CompilerThread0" daemon [_thread_in_vm, id=10203, stack(0xb72da000,0xb735b000)]

siginfo:si_signo=SIGSEGV: si_errno=0, si_code=1 (SEGV_MAPERR), si_addr=0x00000010

Registers:
EAX=0x00000000, EBX=0x012d1ff4, ECX=0x012d1ff4, EDX=0x00000700
ESP=0xb73597f0, EBP=0xb73597f8, ESI=0x00000700, EDI=0xb73598f0
EIP=0x011c2762, CR2=0x00000010, EFLAGS=0x00010286

Top of Stack: (sp=0xb73597f0)
0xb73597f0:   012d1ff4 b73598ac b7359818 011c27bf
0xb7359800:   00000700 012f5760 00000000 011c278a
0xb7359810:   012d1ff4 b7359880 b7359858 011c3065
0xb7359820:   b73598ac b73598ac 01771167 01771167
0xb7359830:   b7359880 b73598f0 b7359858 b73598ac
0xb7359840:   b73598ac 012f5760 b7359bf0 012d1ff4
0xb7359850:   b7359880 b73598f0 b73598d8 00fd5ec5
0xb7359860:   b7359880 b7359bf0 b73598f0 00000000 

Instructions: (pc=0x011c2762)
0x011c2752:   39 c6 7d 1a 83 ec 0c 56 e8 71 72 02 00 83 c4 10
0x011c2762:   8b 40 10 8d 65 f8 5b 5e 5d c3 8d 74 26 00 8d 65 

Stack: [0xb72da000,0xb735b000],  sp=0xb73597f0,  free space=509k
Native frames: (J=compiled Java code, j=interpreted, Vv=VM code, C=native code)
V  [libjvm.so+0x2fc762]
V  [libjvm.so+0x2fc7bf]
V  [libjvm.so+0x2fd065]
V  [libjvm.so+0x10fec5]
V  [libjvm.so+0x110821]
V  [libjvm.so+0x10d88f]
V  [libjvm.so+0x10da6b]
V  [libjvm.so+0x10e521]
V  [libjvm.so+0xcad81]
V  [libjvm.so+0xcae22]
V  [libjvm.so+0x37537]
V  [libjvm.so+0x74120]
V  [libjvm.so+0x740d7]
V  [libjvm.so+0x120842]
V  [libjvm.so+0x120f77]
V  [libjvm.so+0x3620b8]
V  [libjvm.so+0x36701c]
V  [libjvm.so+0x3670da]
V  [libjvm.so+0x2c6291]
C  [libpthread.so.0+0x580e]


Current CompileTask:
C1:  1      java.lang.String.indexOf(II)I (151 bytes)


---------------  P R O C E S S  ---------------

Java Threads: ( => current thread )
  0x09c9e400 JavaThread "Low Memory Detector" daemon [_thread_blocked, id=10204, stack(0xb7289000,0xb72da000)]
=>0x09c9b400 JavaThread "CompilerThread0" daemon [_thread_in_vm, id=10203, stack(0xb72da000,0xb735b000)]
  0x09c99800 JavaThread "Signal Dispatcher" daemon [_thread_blocked, id=10202, stack(0xb735b000,0xb73ac000)]
  0x09c90c00 JavaThread "Finalizer" daemon [_thread_blocked, id=10201, stack(0xb73f2000,0xb7443000)]
  0x09c8f800 JavaThread "Reference Handler" daemon [_thread_blocked, id=10200, stack(0xb7443000,0xb7494000)]
  0x09c60c00 JavaThread "main" [_thread_in_vm_trans, id=10194, stack(0xb76dd000,0xb772e000)]

Other Threads:
  0x09c8dc00 VMThread [stack: 0xb7494000,0xb7515000] [id=10199]
  0x09ca0000 WatcherThread [stack: 0xb7208000,0xb7289000] [id=10205]

VM state:not at safepoint (normal execution)

VM Mutex/Monitor currently owned by a thread:  ([mutex/lock_event])
[0x09c5e098] CodeCache_lock - owner thread: 0x09c9b400

Heap
 def new generation   total 960K, used 208K [0x71b20000, 0x71c20000, 0x74280000)
  eden space 896K,  23% used [0x71b20000, 0x71b54060, 0x71c00000)
  from space 64K,   0% used [0x71c00000, 0x71c00000, 0x71c10000)
  to   space 64K,   0% used [0x71c10000, 0x71c10000, 0x71c20000)
 tenured generation   total 4096K, used 0K [0x74280000, 0x74680000, 0x91b20000)
   the space 4096K,   0% used [0x74280000, 0x74280000, 0x74280200, 0x74680000)
 compacting perm gen  total 12288K, used 18K [0x91b20000, 0x92720000, 0x95b20000)
   the space 12288K,   0% used [0x91b20000, 0x91b249f0, 0x91b24a00, 0x92720000)
    ro space 8192K,  89% used [0x95b20000, 0x9624e680, 0x9624e800, 0x96320000)
    rw space 12288K,  59% used [0x96320000, 0x96a4d1f8, 0x96a4d200, 0x96f20000)

Dynamic libraries:
00110000-00134000 r-xp 00000000 08:05 9036       /usr/lib/jvm/java-6-openjdk/jre/lib/i386/libjava.so
00134000-00135000 r--p 00023000 08:05 9036       /usr/lib/jvm/java-6-openjdk/jre/lib/i386/libjava.so
00135000-00137000 rw-p 00024000 08:05 9036       /usr/lib/jvm/java-6-openjdk/jre/lib/i386/libjava.so
00137000-0014a000 r-xp 00000000 08:05 1119       /lib/tls/i686/cmov/libnsl-2.10.1.so
0014a000-0014b000 r--p 00012000 08:05 1119       /lib/tls/i686/cmov/libnsl-2.10.1.so
0014b000-0014c000 rw-p 00013000 08:05 1119       /lib/tls/i686/cmov/libnsl-2.10.1.so
0014c000-0014e000 rw-p 00000000 00:00 0 
0014e000-00155000 r-xp 00000000 08:05 9054       /usr/lib/jvm/java-6-openjdk/jre/lib/i386/native_threads/libhpi.so
00155000-00156000 r--p 00006000 08:05 9054       /usr/lib/jvm/java-6-openjdk/jre/lib/i386/native_threads/libhpi.so
00156000-00157000 rw-p 00007000 08:05 9054       /usr/lib/jvm/java-6-openjdk/jre/lib/i386/native_threads/libhpi.so
00157000-00160000 r-xp 00000000 08:05 1151       /lib/tls/i686/cmov/libnss_nis-2.10.1.so
00160000-00161000 r--p 00008000 08:05 1151       /lib/tls/i686/cmov/libnss_nis-2.10.1.so
00161000-00162000 rw-p 00009000 08:05 1151       /lib/tls/i686/cmov/libnss_nis-2.10.1.so
00162000-00169000 r-xp 00000000 08:05 9053       /usr/lib/jvm/java-6-openjdk/jre/lib/i386/libzip.so
00169000-0016a000 r--p 00006000 08:05 9053       /usr/lib/jvm/java-6-openjdk/jre/lib/i386/libzip.so
0016a000-0016b000 rw-p 00007000 08:05 9053       /usr/lib/jvm/java-6-openjdk/jre/lib/i386/libzip.so
0016b000-00172000 rwxp 00000000 00:00 0 
00172000-0018c000 rwxp 00000000 00:00 0 
0018c000-00198000 rwxp 00000000 00:00 0 
001fe000-00200000 r-xp 00000000 08:05 1113       /lib/tls/i686/cmov/libdl-2.10.1.so
00200000-00201000 r--p 00001000 08:05 1113       /lib/tls/i686/cmov/libdl-2.10.1.so
00201000-00202000 rw-p 00002000 08:05 1113       /lib/tls/i686/cmov/libdl-2.10.1.so
00266000-0026d000 r-xp 00000000 08:05 1183       /lib/tls/i686/cmov/librt-2.10.1.so
0026d000-0026e000 r--p 00006000 08:05 1183       /lib/tls/i686/cmov/librt-2.10.1.so
0026e000-0026f000 rw-p 00007000 08:05 1183       /lib/tls/i686/cmov/librt-2.10.1.so
00315000-0031f000 r-xp 00000000 08:05 1131       /lib/tls/i686/cmov/libnss_files-2.10.1.so
0031f000-00320000 r--p 00009000 08:05 1131       /lib/tls/i686/cmov/libnss_files-2.10.1.so
00320000-00321000 rw-p 0000a000 08:05 1131       /lib/tls/i686/cmov/libnss_files-2.10.1.so
00368000-0038c000 r-xp 00000000 08:05 1115       /lib/tls/i686/cmov/libm-2.10.1.so
0038c000-0038d000 r--p 00023000 08:05 1115       /lib/tls/i686/cmov/libm-2.10.1.so
0038d000-0038e000 rw-p 00024000 08:05 1115       /lib/tls/i686/cmov/libm-2.10.1.so
0038e000-0038f000 rwxp 00000000 00:00 0 
0038f000-003a1000 rwxp 00000000 00:00 0 
003a1000-003a4000 rwxp 00000000 00:00 0 
003a4000-0048e000 rwxp 00000000 00:00 0 
0048e000-00494000 rwxp 00000000 00:00 0 
00494000-004ae000 rwxp 00000000 00:00 0 
004ae000-004b9000 rwxp 00000000 00:00 0 
004ed000-004ef000 rwxp 00000000 00:00 0 
004ef000-0056d000 rwxp 00000000 00:00 0 
00578000-00593000 r-xp 00000000 08:05 372        /lib/ld-2.10.1.so
00593000-00594000 r--p 0001a000 08:05 372        /lib/ld-2.10.1.so
00594000-00595000 rw-p 0001b000 08:05 372        /lib/ld-2.10.1.so
00631000-00634000 rwxp 00000000 00:00 0 
00634000-0071e000 rwxp 00000000 00:00 0 
0090d000-00913000 r-xp 00000000 08:05 1121       /lib/tls/i686/cmov/libnss_compat-2.10.1.so
00913000-00914000 r--p 00005000 08:05 1121       /lib/tls/i686/cmov/libnss_compat-2.10.1.so
00914000-00915000 rw-p 00006000 08:05 1121       /lib/tls/i686/cmov/libnss_compat-2.10.1.so
00936000-00942000 r-xp 00000000 08:05 9052       /usr/lib/jvm/java-6-openjdk/jre/lib/i386/libverify.so
00942000-00943000 r--p 0000b000 08:05 9052       /usr/lib/jvm/java-6-openjdk/jre/lib/i386/libverify.so
00943000-00944000 rw-p 0000c000 08:05 9052       /usr/lib/jvm/java-6-openjdk/jre/lib/i386/libverify.so
00a72000-00a87000 r-xp 00000000 08:05 1169       /lib/tls/i686/cmov/libpthread-2.10.1.so
00a87000-00a88000 r--p 00014000 08:05 1169       /lib/tls/i686/cmov/libpthread-2.10.1.so
00a88000-00a89000 rw-p 00015000 08:05 1169       /lib/tls/i686/cmov/libpthread-2.10.1.so
00a89000-00a8b000 rw-p 00000000 00:00 0 
00af1000-00af2000 r-xp 00000000 00:00 0          [vdso]
00ccc000-00e0a000 r-xp 00000000 08:05 1078       /lib/tls/i686/cmov/libc-2.10.1.so
00e0a000-00e0b000 ---p 0013e000 08:05 1078       /lib/tls/i686/cmov/libc-2.10.1.so
00e0b000-00e0d000 r--p 0013e000 08:05 1078       /lib/tls/i686/cmov/libc-2.10.1.so
00e0d000-00e0e000 rw-p 00140000 08:05 1078       /lib/tls/i686/cmov/libc-2.10.1.so
00e0e000-00e11000 rw-p 00000000 00:00 0 
00e97000-00eab000 r-xp 00000000 08:05 1192       /lib/libz.so.1.2.3.3
00eab000-00eac000 r--p 00013000 08:05 1192       /lib/libz.so.1.2.3.3
00eac000-00ead000 rw-p 00014000 08:05 1192       /lib/libz.so.1.2.3.3
00ec1000-00ec4000 r-xp 00000000 08:05 9024       /usr/lib/jvm/java-6-openjdk/jre/lib/i386/jli/libjli.so
00ec4000-00ec5000 r--p 00003000 08:05 9024       /usr/lib/jvm/java-6-openjdk/jre/lib/i386/jli/libjli.so
00ec5000-00ec6000 rw-p 00004000 08:05 9024       /usr/lib/jvm/java-6-openjdk/jre/lib/i386/jli/libjli.so
00ec6000-012bb000 r-xp 00000000 08:05 9021       /usr/lib/jvm/java-6-openjdk/jre/lib/i386/client/libjvm.so
012bb000-012bc000 ---p 003f5000 08:05 9021       /usr/lib/jvm/java-6-openjdk/jre/lib/i386/client/libjvm.so
012bc000-012d2000 r--p 003f5000 08:05 9021       /usr/lib/jvm/java-6-openjdk/jre/lib/i386/client/libjvm.so
012d2000-012de000 rw-p 0040b000 08:05 9021       /usr/lib/jvm/java-6-openjdk/jre/lib/i386/client/libjvm.so
012de000-016fe000 rw-p 00000000 00:00 0 
016fe000-01776000 rwxp 00000000 00:00 0 
01776000-036fe000 rwxp 00000000 00:00 0 
08048000-08051000 r-xp 00000000 08:05 9076       /usr/lib/jvm/java-6-openjdk/jre/bin/java
08051000-08052000 r--p 00008000 08:05 9076       /usr/lib/jvm/java-6-openjdk/jre/bin/java
08052000-08053000 rw-p 00009000 08:05 9076       /usr/lib/jvm/java-6-openjdk/jre/bin/java
09c5a000-09cc5000 rw-p 00000000 00:00 0          [heap]
71b20000-71c20000 rwxp 00000000 00:00 0 
71c20000-74280000 rwxp 00000000 00:00 0 
74280000-74680000 rwxp 00000000 00:00 0 
74680000-91b20000 rwxp 00000000 00:00 0 
91b20000-92720000 rwxp 00000000 00:00 0 
92720000-95b20000 rwxp 00000000 00:00 0 
95b20000-9624f000 r--s 00001000 08:05 9303       /usr/lib/jvm/java-6-openjdk/jre/lib/i386/client/classes.jsa
9624f000-96320000 rwxp 00000000 00:00 0 
96320000-96a4e000 rw-p 00730000 08:05 9303       /usr/lib/jvm/java-6-openjdk/jre/lib/i386/client/classes.jsa
96a4e000-96f20000 rwxp 00000000 00:00 0 
96f20000-97019000 rw-p 00e5e000 08:05 9303       /usr/lib/jvm/java-6-openjdk/jre/lib/i386/client/classes.jsa
97019000-97320000 rwxp 00000000 00:00 0 
97320000-97328000 r-xs 00f57000 08:05 9303       /usr/lib/jvm/java-6-openjdk/jre/lib/i386/client/classes.jsa
97328000-97720000 rwxp 00000000 00:00 0 
b71ff000-b7208000 r--s 00065000 08:05 192670     /usr/share/java/gnome-java-bridge.jar
b7208000-b7209000 ---p 00000000 00:00 0 
b7209000-b7289000 rw-p 00000000 00:00 0 
b7289000-b728c000 ---p 00000000 00:00 0 
b728c000-b72da000 rw-p 00000000 00:00 0 
b72da000-b72dd000 ---p 00000000 00:00 0 
b72dd000-b735b000 rw-p 00000000 00:00 0 
b735b000-b735e000 ---p 00000000 00:00 0 
b735e000-b73ac000 rw-p 00000000 00:00 0 
b73ac000-b73b3000 r--s 00000000 08:05 1047       /usr/lib/gconv/gconv-modules.cache
b73b3000-b73f2000 r--p 00000000 08:05 134313     /usr/lib/locale/es_VE.utf8/LC_CTYPE
b73f2000-b73f5000 ---p 00000000 00:00 0 
b73f5000-b7443000 rw-p 00000000 00:00 0 
b7443000-b7446000 ---p 00000000 00:00 0 
b7446000-b7494000 rw-p 00000000 00:00 0 
b7494000-b7495000 ---p 00000000 00:00 0 
b7495000-b7548000 rw-p 00000000 00:00 0 
b7548000-b76dd000 r--s 038eb000 08:05 9019       /usr/lib/jvm/java-6-openjdk/jre/lib/rt.jar
b76dd000-b76e0000 ---p 00000000 00:00 0 
b76e0000-b7731000 rw-p 00000000 00:00 0 
b7738000-b7740000 rw-s 00000000 08:05 262338     /tmp/hsperfdata_jaky/10193
b7740000-b7741000 rw-p 00000000 00:00 0 
b7741000-b7742000 r--p 00000000 00:00 0 
b7742000-b7744000 rw-p 00000000 00:00 0 
bf994000-bf9a9000 rw-p 00000000 00:00 0          [stack]

VM Arguments:
jvm_args: -Dproxyvm.registryKey=6013530 -Dproxyvm.masterPort=45241 -Dproxyvm.bufsize=16000 -Dproxyvm.servername=Project (AntaGPScript)-Beaninfo -Xverify:none -Dfile.encoding=UTF-8 
java_command: org.eclipse.jem.internal.proxy.vm.remote.RemoteVMApplication
Launcher Type: SUN_STANDARD

Environment Variables:
PATH=/usr/local/sbin:/usr/local/bin:/usr/sbin:/usr/bin:/sbin:/bin:/usr/games
USERNAME=jaky
LD_LIBRARY_PATH=/usr/lib/jvm/java-6-openjdk/jre/lib/i386/client:/usr/lib/jvm/java-6-openjdk/jre/lib/i386:/usr/lib/jvm/java-6-openjdk/jre/../lib/i386:/usr/lib/jvm/java-6-openjdk/jre/lib/i386/client:/usr/lib/jvm/java-6-openjdk/jre/lib/i386:/usr/lib/xulrunner-addons:/usr/lib/xulrunner-addons
SHELL=/bin/bash
DISPLAY=:0.0

Signal Handlers:
SIGSEGV: [libjvm.so+0x393ce0], sa_mask[0]=0x7ffbfeff, sa_flags=0x10000004
SIGBUS: [libjvm.so+0x393ce0], sa_mask[0]=0x7ffbfeff, sa_flags=0x10000004
SIGFPE: [libjvm.so+0x2c2be0], sa_mask[0]=0x7ffbfeff, sa_flags=0x10000004
SIGPIPE: [libjvm.so+0x2c2be0], sa_mask[0]=0x7ffbfeff, sa_flags=0x10000004
SIGXFSZ: [libjvm.so+0x2c2be0], sa_mask[0]=0x7ffbfeff, sa_flags=0x10000004
SIGILL: [libjvm.so+0x2c2be0], sa_mask[0]=0x7ffbfeff, sa_flags=0x10000004
SIGUSR1: SIG_DFL, sa_mask[0]=0x00000000, sa_flags=0x00000000
SIGUSR2: [libjvm.so+0x2c22c0], sa_mask[0]=0x00000004, sa_flags=0x10000004
SIGHUP: [libjvm.so+0x2c4970], sa_mask[0]=0x7ffbfeff, sa_flags=0x10000004
SIGINT: [libjvm.so+0x2c4970], sa_mask[0]=0x7ffbfeff, sa_flags=0x10000004
SIGTERM: [libjvm.so+0x2c4970], sa_mask[0]=0x7ffbfeff, sa_flags=0x10000004
SIGQUIT: [libjvm.so+0x2c4970], sa_mask[0]=0x7ffbfeff, sa_flags=0x10000004


---------------  S Y S T E M  ---------------

OS:Ubuntu 9.10 (karmic)
uname:Linux 2.6.31-21-generic #59-Ubuntu SMP Wed Mar 24 07:28:56 UTC 2010 i686
libc:glibc 2.10.1 NPTL 2.10.1 
rlimit: STACK 8192k, CORE 0k, NPROC infinity, NOFILE 1024, AS infinity
load average:0.45 0.34 0.40

CPU:total 1 (1 cores per cpu, 1 threads per core) family 15 model 4 stepping 1, cmov, cx8, fxsr, mmx, sse, sse2, sse3

Memory: 4k page, physical 2061788k(204840k free), swap 867468k(867468k free)

vm_info: OpenJDK Client VM (14.0-b16) for linux-x86 JRE (1.6.0_0-b16), built on Apr  4 2010 20:02:50 by "buildd" with gcc 4.4.1

time: Wed May  5 17:00:39 2010
elapsed time: 0 seconds

